{
  "RSpec": {
    "coverage": {
      "/home/mark/Diploma/diploma_v3/app/controllers/page_links_controller.rb": [
        1,
        1,
        0,
        null,
        null,
        null
      ],
      "/home/mark/Diploma/diploma_v3/app/controllers/application_controller.rb": [
        1,
        null,
        null,
        1,
        null
      ],
      "/home/mark/Diploma/diploma_v3/spec/controllers/pages_controller_spec.rb": [
        1,
        null,
        1,
        null,
        null
      ],
      "/home/mark/Diploma/diploma_v3/app/controllers/pages_controller.rb": [
        1,
        null
      ],
      "/home/mark/Diploma/diploma_v3/spec/helpers/page_links_helper_spec.rb": [
        1,
        null,
        null,
        null,
        null,
        null,
        null,
        null,
        null,
        null,
        null,
        null,
        1,
        null,
        null
      ],
      "/home/mark/Diploma/diploma_v3/spec/helpers/pages_helper_spec.rb": [
        1,
        null,
        null,
        null,
        null,
        null,
        null,
        null,
        null,
        null,
        null,
        null,
        1,
        1,
        null
      ],
      "/home/mark/Diploma/diploma_v3/spec/models/page_link_spec.rb": [
        1,
        null,
        1,
        13,
        2,
        2,
        13,
        13,
        13,
        13,
        null,
        1,
        2,
        3,
        2,
        3,
        2,
        2,
        2,
        2,
        null,
        null,
        null,
        1,
        1,
        1,
        1,
        null,
        null,
        1,
        2,
        2,
        2,
        2,
        null,
        null,
        null
      ],
      "/home/mark/Diploma/diploma_v3/app/models/page_link.rb": [
        1,
        1,
        1,
        null,
        null,
        1,
        1,
        1,
        null,
        1,
        60,
        null,
        null,
        1,
        4,
        null,
        null
      ],
      "/home/mark/Diploma/diploma_v3/spec/models/page_spec.rb": [
        1,
        null,
        1,
        2,
        null,
        1,
        2,
        null,
        null
      ],
      "/home/mark/Diploma/diploma_v3/app/models/page.rb": [
        1,
        1,
        1,
        1,
        1,
        null,
        null,
        null,
        null,
        null,
        null,
        null,
        null,
        null,
        null,
        null,
        null,
        null,
        null,
        null,
        null,
        null,
        null
      ],
      "/home/mark/Diploma/diploma_v3/spec/models/pages_page_link_spec.rb": [
        1,
        null,
        1,
        1,
        null
      ],
      "/home/mark/Diploma/diploma_v3/app/models/pages_page_link.rb": [
        1,
        null
      ]
    },
    "timestamp": 1458482769
  }
}
